app/build/outputs/logs/manifest-merger-release-report.txt
-- Merging decision tree log ---
manifest
ADDED from src\main\AndroidManifest.xml:2:1-164:12
	package
		ADDED from src\main\AndroidManifest.xml:3:5-51
		INJECTED from src\main\AndroidManifest.xml
		INJECTED from src\main\AndroidManifest.xml
	android:versionName
		ADDED from src\main\AndroidManifest.xml:5:5-28
		INJECTED from src\main\AndroidManifest.xml
		INJECTED from src\main\AndroidManifest.xml
	android:versionCode
		ADDED from src\main\AndroidManifest.xml:4:5-28
		INJECTED from src\main\AndroidManifest.xml
		INJECTED from src\main\AndroidManifest.xml
	xmlns:android
		ADDED from src\main\AndroidManifest.xml:2:11-69
uses-sdk
ADDED from src\main\AndroidManifest.xml:7:5-9:41
MERGED from [com.android.support.constraint:constraint-layout:1.0.2] AndroidManifest.xml:5:5-7:41
MERGED from [com.facebook.android:facebook-android-sdk:4.26.0] AndroidManifest.xml:24:5-26:41
MERGED from [com.android.support:appcompat-v7:25.3.1] AndroidManifest.xml:21:5-23:78
MERGED from [com.android.support:support-v4:25.3.1] AndroidManifest.xml:21:5-23:54
MERGED from [com.android.support:support-fragment:25.3.1] AndroidManifest.xml:21:5-23:60
MERGED from [com.android.support:support-media-compat:25.3.1] AndroidManifest.xml:21:5-23:63
MERGED from [com.android.support:support-core-ui:25.3.1] AndroidManifest.xml:21:5-23:58
MERGED from [com.android.support:support-core-utils:25.3.1] AndroidManifest.xml:21:5-23:61
MERGED from [com.android.support:animated-vector-drawable:25.3.1] AndroidManifest.xml:20:5-44
MERGED from [com.android.support:support-vector-drawable:25.3.1] AndroidManifest.xml:20:5-43
MERGED from [com.android.support:cardview-v7:25.3.1] AndroidManifest.xml:20:5-43
MERGED from [com.android.support:customtabs:25.3.1] AndroidManifest.xml:20:5-44
MERGED from [com.android.support:support-compat:25.3.1] AndroidManifest.xml:21:5-23:58
	tools:overrideLibrary
		ADDED from [com.android.support:appcompat-v7:25.3.1] AndroidManifest.xml:23:9-75
	android:targetSdkVersion
		ADDED from src\main\AndroidManifest.xml:9:9-38
		INJECTED from src\main\AndroidManifest.xml
		INJECTED from src\main\AndroidManifest.xml
	android:minSdkVersion
		ADDED from src\main\AndroidManifest.xml:8:9-35
		INJECTED from src\main\AndroidManifest.xml
		INJECTED from src\main\AndroidManifest.xml
uses-permission#android.permission.INTERNET
ADDED from src\main\AndroidManifest.xml:11:5-67
	android:name
		ADDED from src\main\AndroidManifest.xml:11:22-64
uses-permission#android.permission.ACCESS_NETWORK_STATE
ADDED from src\main\AndroidManifest.xml:12:5-79
	android:name
		ADDED from src\main\AndroidManifest.xml:12:22-76
uses-permission#android.permission.WRITE_EXTERNAL_STORAGE
ADDED from src\main\AndroidManifest.xml:13:5-81
	android:name
		ADDED from src\main\AndroidManifest.xml:13:22-78
application
ADDED from src\main\AndroidManifest.xml:15:5-162:19
MERGED from [com.android.support.constraint:constraint-layout:1.0.2] AndroidManifest.xml:9:5-20
MERGED from [com.facebook.android:facebook-android-sdk:4.26.0] AndroidManifest.xml:28:5-48:19
MERGED from [com.android.support:appcompat-v7:25.3.1] AndroidManifest.xml:29:5-20
MERGED from [com.android.support:support-v4:25.3.1] AndroidManifest.xml:29:5-20
MERGED from [com.android.support:support-fragment:25.3.1] AndroidManifest.xml:29:5-20
MERGED from [com.android.support:support-media-compat:25.3.1] AndroidManifest.xml:29:5-20
MERGED from [com.android.support:support-core-ui:25.3.1] AndroidManifest.xml:29:5-20
MERGED from [com.android.support:support-core-utils:25.3.1] AndroidManifest.xml:29:5-20
MERGED from [com.android.support:animated-vector-drawable:25.3.1] AndroidManifest.xml:26:5-20
MERGED from [com.android.support:support-vector-drawable:25.3.1] AndroidManifest.xml:26:5-20
MERGED from [com.android.support:cardview-v7:25.3.1] AndroidManifest.xml:26:5-20
MERGED from [com.android.support:customtabs:25.3.1] AndroidManifest.xml:26:5-20
MERGED from [com.android.support:support-compat:25.3.1] AndroidManifest.xml:29:5-20
	android:label
		ADDED from src\main\AndroidManifest.xml:18:9-41
	android:allowBackup
		ADDED from src\main\AndroidManifest.xml:16:9-35
	android:icon
		ADDED from src\main\AndroidManifest.xml:17:9-42
	android:persistent
		ADDED from src\main\AndroidManifest.xml:19:9-35
	android:theme
		ADDED from src\main\AndroidManifest.xml:20:9-50
activity#br.com.hidroluz.HidroluzWaterControl.MainActivity
ADDED from src\main\AndroidManifest.xml:21:9-30:20
	android:label
		ADDED from src\main\AndroidManifest.xml:24:13-45
	android:configChanges
		ADDED from src\main\AndroidManifest.xml:23:13-63
	android:name
		ADDED from src\main\AndroidManifest.xml:22:13-41
intent-filter#android.intent.action.MAIN+android.intent.category.LAUNCHER
ADDED from src\main\AndroidManifest.xml:25:13-29:29
action#android.intent.action.MAIN
ADDED from src\main\AndroidManifest.xml:26:17-69
	android:name
		ADDED from src\main\AndroidManifest.xml:26:25-66
category#android.intent.category.LAUNCHER
ADDED from src\main\AndroidManifest.xml:28:17-77
	android:name
		ADDED from src\main\AndroidManifest.xml:28:27-74
activity#br.com.hidroluz.HidroluzWaterControl.Principal
ADDED from src\main\AndroidManifest.xml:31:9-36:20
	android:screenOrientation
		ADDED from src\main\AndroidManifest.xml:35:13-55
	android:label
		ADDED from src\main\AndroidManifest.xml:34:13-45
	android:configChanges
		ADDED from src\main\AndroidManifest.xml:33:13-63
	android:name
		ADDED from src\main\AndroidManifest.xml:32:13-38
activity#br.com.hidroluz.HidroluzWaterControl.Sair
ADDED from src\main\AndroidManifest.xml:37:9-42:20
	android:screenOrientation
		ADDED from src\main\AndroidManifest.xml:41:13-55
	android:label
		ADDED from src\main\AndroidManifest.xml:40:13-45
	android:configChanges
		ADDED from src\main\AndroidManifest.xml:39:13-63
	android:name
		ADDED from src\main\AndroidManifest.xml:38:13-33
activity#br.com.hidroluz.HidroluzWaterControl.GraficoValores
ADDED from src\main\AndroidManifest.xml:43:9-47:20
	android:label
		ADDED from src\main\AndroidManifest.xml:46:13-45
	android:configChanges
		ADDED from src\main\AndroidManifest.xml:45:13-63
	android:name
		ADDED from src\main\AndroidManifest.xml:44:13-43
activity#br.com.hidroluz.HidroluzWaterControl.GraficoBarrasValores
ADDED from src\main\AndroidManifest.xml:48:9-53:20
	android:screenOrientation
		ADDED from src\main\AndroidManifest.xml:52:13-50
	android:label
		ADDED from src\main\AndroidManifest.xml:51:13-45
	android:configChanges
		ADDED from src\main\AndroidManifest.xml:50:13-48
	android:name
		ADDED from src\main\AndroidManifest.xml:49:13-49
activity#br.com.hidroluz.HidroluzWaterControl.GraficoConsumo
ADDED from src\main\AndroidManifest.xml:54:9-59:20
	android:screenOrientation
		ADDED from src\main\AndroidManifest.xml:58:13-50
	android:label
		ADDED from src\main\AndroidManifest.xml:57:13-45
	android:configChanges
		ADDED from src\main\AndroidManifest.xml:56:13-48
	android:name
		ADDED from src\main\AndroidManifest.xml:55:13-43
activity#br.com.hidroluz.HidroluzWaterControl.GraficoMedio
ADDED from src\main\AndroidManifest.xml:60:9-65:20
	android:screenOrientation
		ADDED from src\main\AndroidManifest.xml:64:13-50
	android:label
		ADDED from src\main\AndroidManifest.xml:63:13-45
	android:configChanges
		ADDED from src\main\AndroidManifest.xml:62:13-48
	android:name
		ADDED from src\main\AndroidManifest.xml:61:13-41
activity#br.com.hidroluz.HidroluzWaterControl.DadosLeitura
ADDED from src\main\AndroidManifest.xml:66:9-71:20
	android:screenOrientation
		ADDED from src\main\AndroidManifest.xml:70:13-55
	android:label
		ADDED from src\main\AndroidManifest.xml:69:13-45
	android:configChanges
		ADDED from src\main\AndroidManifest.xml:68:13-63
	android:name
		ADDED from src\main\AndroidManifest.xml:67:13-41
activity#br.com.hidroluz.HidroluzWaterControl.MenuActivity
ADDED from src\main\AndroidManifest.xml:72:9-76:20
	android:label
		ADDED from src\main\AndroidManifest.xml:75:13-56
	android:configChanges
		ADDED from src\main\AndroidManifest.xml:74:13-63
	android:name
		ADDED from src\main\AndroidManifest.xml:73:13-41
activity#br.com.hidroluz.HidroluzWaterControl.DrawerActivity
ADDED from src\main\AndroidManifest.xml:77:9-81:20
	android:label
		ADDED from src\main\AndroidManifest.xml:80:13-58
	android:configChanges
		ADDED from src\main\AndroidManifest.xml:79:13-63
	android:name
		ADDED from src\main\AndroidManifest.xml:78:13-43
activity#br.com.hidroluz.HidroluzWaterControl.Noticias
ADDED from src\main\AndroidManifest.xml:82:9-86:20
	android:label
		ADDED from src\main\AndroidManifest.xml:85:13-60
	android:configChanges
		ADDED from src\main\AndroidManifest.xml:84:13-63
	android:name
		ADDED from src\main\AndroidManifest.xml:83:13-37
activity#br.com.hidroluz.HidroluzWaterControl.ListadeLeituras
ADDED from src\main\AndroidManifest.xml:87:9-91:20
	android:label
		ADDED from src\main\AndroidManifest.xml:90:13-68
	android:configChanges
		ADDED from src\main\AndroidManifest.xml:89:13-63
	android:name
		ADDED from src\main\AndroidManifest.xml:88:13-44
activity#br.com.hidroluz.HidroluzWaterControl.Tela_erro
ADDED from src\main\AndroidManifest.xml:92:9-95:20
	android:label
		ADDED from src\main\AndroidManifest.xml:94:13-61
	android:name
		ADDED from src\main\AndroidManifest.xml:93:13-38
activity#br.com.hidroluz.HidroluzWaterControl.Cadastro
ADDED from src\main\AndroidManifest.xml:96:9-100:20
	android:label
		ADDED from src\main\AndroidManifest.xml:98:13-60
	android:windowSoftInputMode
		ADDED from src\main\AndroidManifest.xml:99:13-52
	android:name
		ADDED from src\main\AndroidManifest.xml:97:13-37
activity#br.com.hidroluz.HidroluzWaterControl.Cadastro_unidades
ADDED from src\main\AndroidManifest.xml:101:9-105:55
	android:fitsSystemWindows
		ADDED from src\main\AndroidManifest.xml:103:13-45
	android:label
		ADDED from src\main\AndroidManifest.xml:104:13-69
	android:windowSoftInputMode
		ADDED from src\main\AndroidManifest.xml:105:13-52
	android:name
		ADDED from src\main\AndroidManifest.xml:102:13-46
activity#br.com.hidroluz.HidroluzWaterControl.Teste
ADDED from src\main\AndroidManifest.xml:106:9-109:20
	android:label
		ADDED from src\main\AndroidManifest.xml:108:13-57
	android:name
		ADDED from src\main\AndroidManifest.xml:107:13-34
activity#br.com.hidroluz.HidroluzWaterControl.Login_ADM
ADDED from src\main\AndroidManifest.xml:110:9-113:20
	android:label
		ADDED from src\main\AndroidManifest.xml:112:13-62
	android:name
		ADDED from src\main\AndroidManifest.xml:111:13-38
activity#br.com.hidroluz.HidroluzWaterControl.Drawer_adm
ADDED from src\main\AndroidManifest.xml:114:9-117:20
	android:label
		ADDED from src\main\AndroidManifest.xml:116:13-62
	android:name
		ADDED from src\main\AndroidManifest.xml:115:13-39
activity#br.com.hidroluz.HidroluzWaterControl.Todas_as_leituras
ADDED from src\main\AndroidManifest.xml:118:9-121:20
	android:label
		ADDED from src\main\AndroidManifest.xml:120:13-69
	android:name
		ADDED from src\main\AndroidManifest.xml:119:13-46
activity#br.com.hidroluz.HidroluzWaterControl.Conta_Agua
ADDED from src\main\AndroidManifest.xml:122:9-125:20
	android:label
		ADDED from src\main\AndroidManifest.xml:124:13-63
	android:name
		ADDED from src\main\AndroidManifest.xml:123:13-39
activity#br.com.hidroluz.HidroluzWaterControl.Escolha_unidade
ADDED from src\main\AndroidManifest.xml:126:9-129:20
	android:label
		ADDED from src\main\AndroidManifest.xml:128:13-67
	android:name
		ADDED from src\main\AndroidManifest.xml:127:13-44
activity#br.com.hidroluz.HidroluzWaterControl.Cadastro_usuario
ADDED from src\main\AndroidManifest.xml:130:9-133:20
	android:label
		ADDED from src\main\AndroidManifest.xml:132:13-68
	android:name
		ADDED from src\main\AndroidManifest.xml:131:13-45
activity#br.com.hidroluz.HidroluzWaterControl.Codigo_confir
ADDED from src\main\AndroidManifest.xml:134:9-137:20
	android:label
		ADDED from src\main\AndroidManifest.xml:136:13-65
	android:name
		ADDED from src\main\AndroidManifest.xml:135:13-42
activity#br.com.hidroluz.HidroluzWaterControl.Esqueceu_senha
ADDED from src\main\AndroidManifest.xml:138:9-141:20
	android:label
		ADDED from src\main\AndroidManifest.xml:140:13-66
	android:name
		ADDED from src\main\AndroidManifest.xml:139:13-43
meta-data#com.facebook.sdk.ApplicationId
ADDED from src\main\AndroidManifest.xml:144:9-145:54
	android:value
		ADDED from src\main\AndroidManifest.xml:145:13-52
	android:name
		ADDED from src\main\AndroidManifest.xml:144:20-65
activity#com.facebook.FacebookActivity
ADDED from src\main\AndroidManifest.xml:147:9-150:48
MERGED from [com.facebook.android:facebook-android-sdk:4.26.0] AndroidManifest.xml:29:9-32:66
	android:label
		ADDED from src\main\AndroidManifest.xml:150:13-45
	android:configChanges
		ADDED from src\main\AndroidManifest.xml:148:13-114
	android:theme
		ADDED from [com.facebook.android:facebook-android-sdk:4.26.0] AndroidManifest.xml:32:13-63
	android:name
		ADDED from src\main\AndroidManifest.xml:147:19-63
activity#com.facebook.CustomTabActivity
ADDED from src\main\AndroidManifest.xml:151:9-160:20
	android:exported
		ADDED from src\main\AndroidManifest.xml:153:13-36
	android:name
		ADDED from src\main\AndroidManifest.xml:152:13-58
intent-filter#android.intent.action.VIEW+android.intent.category.BROWSABLE+android.intent.category.DEFAULT
ADDED from src\main\AndroidManifest.xml:154:13-159:29
action#android.intent.action.VIEW
ADDED from src\main\AndroidManifest.xml:155:17-69
	android:name
		ADDED from src\main\AndroidManifest.xml:155:25-66
category#android.intent.category.DEFAULT
ADDED from src\main\AndroidManifest.xml:156:17-76
	android:name
		ADDED from src\main\AndroidManifest.xml:156:27-73
category#android.intent.category.BROWSABLE
ADDED from src\main\AndroidManifest.xml:157:17-78
	android:name
		ADDED from src\main\AndroidManifest.xml:157:27-75
data
ADDED from src\main\AndroidManifest.xml:158:17-75
	android:scheme
		ADDED from src\main\AndroidManifest.xml:158:23-72
activity#com.facebook.CustomTabMainActivity
ADDED from [com.facebook.android:facebook-android-sdk:4.26.0] AndroidManifest.xml:33:9-71
	android:name
		ADDED from [com.facebook.android:facebook-android-sdk:4.26.0] AndroidManifest.xml:33:19-68
provider#com.facebook.internal.FacebookInitProvider
ADDED from [com.facebook.android:facebook-android-sdk:4.26.0] AndroidManifest.xml:44:9-47:40
	android:authorities
		ADDED from [com.facebook.android:facebook-android-sdk:4.26.0] AndroidManifest.xml:46:13-72
	android:exported
		ADDED from [com.facebook.android:facebook-android-sdk:4.26.0] AndroidManifest.xml:47:13-37
	android:name
		ADDED from [com.facebook.android:facebook-android-sdk:4.26.0] AndroidManifest.xml:45:13-70
meta-data#android.support.VERSION
ADDED from [com.android.support:appcompat-v7:25.3.1] AndroidManifest.xml:25:5-27:34
MERGED from [com.android.support:support-v4:25.3.1] AndroidManifest.xml:25:5-27:34
MERGED from [com.android.support:support-fragment:25.3.1] AndroidManifest.xml:25:5-27:34
MERGED from [com.android.support:support-media-compat:25.3.1] AndroidManifest.xml:25:5-27:34
MERGED from [com.android.support:support-core-ui:25.3.1] AndroidManifest.xml:25:5-27:34
MERGED from [com.android.support:support-core-utils:25.3.1] AndroidManifest.xml:25:5-27:34
MERGED from [com.android.support:animated-vector-drawable:25.3.1] AndroidManifest.xml:22:5-24:34
MERGED from [com.android.support:support-vector-drawable:25.3.1] AndroidManifest.xml:22:5-24:34
MERGED from [com.android.support:cardview-v7:25.3.1] AndroidManifest.xml:22:5-24:34
MERGED from [com.android.support:customtabs:25.3.1] AndroidManifest.xml:22:5-24:34
MERGED from [com.android.support:support-compat:25.3.1] AndroidManifest.xml:25:5-27:34
	android:value
		ADDED from [com.android.support:appcompat-v7:25.3.1] AndroidManifest.xml:27:9-31
	android:name
		ADDED from [com.android.support:appcompat-v7:25.3.1] AndroidManifest.xml:26:9-47